14:58:26:300 [ALWAYS]	GUDE Logging Started
14:58:26:301 [INFO]	SqliteResumeCache::SqliteResumeCache basedirectory is null/empty
14:58:26:302 [ERROR]	SqliteResumeCache::CreateSqliteResumeCache creating resume cache pointer failure
14:58:26:302 [ERROR]	Initialize resume cache pointer failure
14:58:26:302 [INFO]	gude policy POLICY_USER limit (2,2,1) chunk 2097152, chunking (UL 0 DL 1), resXfer 1, adapt 0, NSURL 0, timeout 86400 
14:58:26:302 [INFO]	Initialized -- gude-lib version: v0.12.1 app: gude
15:12:02:204 [ALWAYS]	GUDE Logging Started
15:12:02:204 [INFO]	SqliteResumeCache::SqliteResumeCache basedirectory is null/empty
15:12:02:204 [ERROR]	SqliteResumeCache::CreateSqliteResumeCache creating resume cache pointer failure
15:12:02:204 [ERROR]	Initialize resume cache pointer failure
15:12:02:204 [INFO]	gude policy POLICY_USER limit (2,2,1) chunk 2097152, chunking (UL 0 DL 1), resXfer 1, adapt 0, NSURL 0, timeout 86400 
15:12:02:204 [INFO]	Initialized -- gude-lib version: v0.12.1 app: gude
15:12:03:480 [WARN]	Ignoring attempt to reinit logging to \gude at level 4 retaining 3 days of logs
15:12:03:480 [INFO]	SqliteResumeCache::SqliteResumeCache basedirectory is null/empty
15:12:03:480 [ERROR]	SqliteResumeCache::CreateSqliteResumeCache creating resume cache pointer failure
15:12:03:480 [ERROR]	Initialize resume cache pointer failure
15:12:03:481 [INFO]	gude policy POLICY_USER limit (4,4,1) chunk 2097152, chunking (UL 0 DL 1), resXfer 1, adapt 0, NSURL 1, timeout 86400 
15:12:03:481 [INFO]	Initialized -- gude-lib version: v0.12.1 app: gude
15:20:05:072 [ALWAYS]	GUDE Logging Started
15:20:05:072 [INFO]	SqliteResumeCache::SqliteResumeCache basedirectory is null/empty
15:20:05:072 [ERROR]	SqliteResumeCache::CreateSqliteResumeCache creating resume cache pointer failure
15:20:05:072 [ERROR]	Initialize resume cache pointer failure
15:20:05:072 [INFO]	gude policy POLICY_USER limit (2,2,1) chunk 2097152, chunking (UL 0 DL 1), resXfer 1, adapt 0, NSURL 0, timeout 86400 
15:20:05:072 [INFO]	Initialized -- gude-lib version: v0.12.1 app: gude
15:20:06:302 [WARN]	Ignoring attempt to reinit logging to \gude at level 4 retaining 3 days of logs
15:20:06:302 [INFO]	SqliteResumeCache::SqliteResumeCache basedirectory is null/empty
15:20:06:302 [ERROR]	SqliteResumeCache::CreateSqliteResumeCache creating resume cache pointer failure
15:20:06:302 [ERROR]	Initialize resume cache pointer failure
15:20:06:302 [INFO]	gude policy POLICY_USER limit (4,4,1) chunk 2097152, chunking (UL 0 DL 1), resXfer 1, adapt 0, NSURL 1, timeout 86400 
15:20:06:302 [INFO]	Initialized -- gude-lib version: v0.12.1 app: gude
